<?xml version="1.0" encoding="UTF-8"?>
<!-- Generated by org.testng.reporters.JUnitReportReporter -->
<testsuite hostname="VishwanathYadav" failures="0" tests="4" name="Docker.Test_file" time="23.289" errors="0" timestamp="2024-04-29T21:47:14 IST" skipped="0">
  <testcase classname="Docker.Test_file" name="m3" time="9.720"/>
  <testcase classname="Docker.Test_file" name="m4" time="3.075"/>
  <testcase classname="Docker.Test_file" name="m1" time="6.292"/>
  <testcase classname="Docker.Test_file" name="m2" time="4.202"/>
</testsuite> <!-- Docker.Test_file -->
